\BOOKMARK [0][-]{chapter*.1}{Abstract}{}% 1
\BOOKMARK [0][-]{chapter*.2}{Acknowledgements}{}% 2
\BOOKMARK [0][-]{chapter.1}{Introduction}{}% 3
\BOOKMARK [1][-]{section.1.1}{Background and motivation}{chapter.1}% 4
\BOOKMARK [1][-]{section.1.2}{Related work}{chapter.1}% 5
\BOOKMARK [1][-]{section.1.3}{Objective}{chapter.1}% 6
\BOOKMARK [0][-]{chapter.2}{Theory}{}% 7
\BOOKMARK [1][-]{section.2.1}{Maxwell-Bloch equation}{chapter.2}% 8
\BOOKMARK [1][-]{section.2.2}{Transmission line}{chapter.2}% 9
\BOOKMARK [1][-]{section.2.3}{Mode-locking}{chapter.2}% 10
\BOOKMARK [0][-]{chapter.3}{Model}{}% 11
\BOOKMARK [1][-]{section.3.1}{Optical modeling}{chapter.3}% 12
\BOOKMARK [2][-]{subsection.3.1.1}{Carrier transport}{section.3.1}% 13
\BOOKMARK [2][-]{subsection.3.1.2}{Light propagation}{section.3.1}% 14
\BOOKMARK [1][-]{section.3.2}{Electrical modeling}{chapter.3}% 15
\BOOKMARK [2][-]{subsection.3.2.1}{Transmission line approach}{section.3.2}% 16
\BOOKMARK [2][-]{subsection.3.2.2}{Distributed components}{section.3.2}% 17
\BOOKMARK [0][-]{chapter.4}{Numerical Treatment}{}% 18
\BOOKMARK [1][-]{section.4.1}{Discretization}{chapter.4}% 19
\BOOKMARK [1][-]{section.4.2}{Modulation power}{chapter.4}% 20
\BOOKMARK [0][-]{chapter.5}{Simulation Results}{}% 21
\BOOKMARK [1][-]{section.5.1}{Simulation setup}{chapter.5}% 22
\BOOKMARK [1][-]{section.5.2}{Results}{chapter.5}% 23
\BOOKMARK [2][-]{subsection.5.2.1}{Modulation with different power}{section.5.2}% 24
\BOOKMARK [2][-]{subsection.5.2.2}{Modulation with different frequency}{section.5.2}% 25
\BOOKMARK [1][-]{section.5.3}{Comparison with experiment}{chapter.5}% 26
\BOOKMARK [0][-]{chapter.6}{Conclusion}{}% 27
\BOOKMARK [0][-]{chapter*.24}{Bibliography}{}% 28
